2024-06-26 15:40:36,426 [Worker-1: Loading available Gradle versions] INFO  o.e.b.c.i.u.g.PublishedGradleVersions - Gradle version information cache is up-to-date. Trying to read.
2024-06-26 15:40:56,149 [Worker-9: Updating Maven Dependencies] INFO  o.e.m.c.i.l.LifecycleMappingFactory - Using org.eclipse.m2e.jdt.JarLifecycleMapping lifecycle mapping for MavenProject: com.note.app:note:0.0.1-SNAPSHOT @ C:\workspace\markdown-editor\backend\note\pom.xml.
2024-06-26 15:40:56,338 [Worker-29: Building] INFO  o.e.m.c.i.l.LifecycleMappingFactory - Using org.eclipse.m2e.jdt.JarLifecycleMapping lifecycle mapping for MavenProject: com.note.app:note:0.0.1-SNAPSHOT @ C:\workspace\markdown-editor\backend\note\pom.xml.
2024-06-26 15:40:57,533 [Worker-29: Building] INFO  o.a.m.s.f.DefaultMavenResourcesFiltering - Copying 1 resource from src\main\resources to target\classes
2024-06-26 15:40:57,576 [Worker-29: Building] INFO  o.a.m.s.f.DefaultMavenResourcesFiltering - Copying 0 resource from src\main\resources to target\classes
2024-06-26 15:40:57,580 [Worker-29: Building] INFO  o.a.m.s.f.DefaultMavenResourcesFiltering - skip non existing resourceDirectory C:\workspace\markdown-editor\backend\note\src\test\resources
2024-06-26 15:40:58,906 [Worker-20: Updating Maven Dependencies] INFO  o.e.m.c.i.l.LifecycleMappingFactory - Using org.eclipse.m2e.jdt.JarLifecycleMapping lifecycle mapping for MavenProject: com.note.app:note:0.0.1-SNAPSHOT @ C:\workspace\markdown-editor\backend\note\pom.xml.
2024-06-26 15:42:43,393 [Worker-39: Updating Maven Project] INFO  o.e.m.c.i.p.ProjectConfigurationManager - Update started
2024-06-26 15:42:43,559 [Worker-39: Updating Maven Project] INFO  o.e.m.c.i.l.LifecycleMappingFactory - Using org.eclipse.m2e.jdt.JarLifecycleMapping lifecycle mapping for MavenProject: com.note.app:note:0.0.1-SNAPSHOT @ C:\workspace\markdown-editor\backend\note\pom.xml.
2024-06-26 15:42:44,030 [Worker-39: Updating Maven Project] INFO  o.e.m.j.i.AbstractJavaProjectConfigurator - Adding source folder /note/src/main/java
2024-06-26 15:42:44,031 [Worker-39: Updating Maven Project] INFO  o.e.m.j.i.AbstractJavaProjectConfigurator - Adding resource folder /note/src/main/resources
2024-06-26 15:42:44,031 [Worker-39: Updating Maven Project] INFO  o.e.m.j.i.AbstractJavaProjectConfigurator - Adding resource folder /note/src/main/resources
2024-06-26 15:42:44,032 [Worker-39: Updating Maven Project] INFO  o.e.m.j.i.AbstractJavaProjectConfigurator - Adding source folder /note/src/test/java
2024-06-26 15:42:44,391 [Worker-39: Updating Maven Project] INFO  o.e.m.c.i.p.ProjectConfigurationManager - Update completed for 1 poms: local refresh takes 0.00 sec, refresh facades takes 0.00 sec, update config takes 0.00 sec 
2024-06-26 15:42:44,739 [Worker-17: Building] INFO  o.a.m.s.f.DefaultMavenResourcesFiltering - Copying 1 resource from src\main\resources to target\classes
2024-06-26 15:42:44,749 [Worker-17: Building] INFO  o.a.m.s.f.DefaultMavenResourcesFiltering - Copying 0 resource from src\main\resources to target\classes
2024-06-26 15:42:44,751 [Worker-17: Building] INFO  o.a.m.s.f.DefaultMavenResourcesFiltering - skip non existing resourceDirectory C:\workspace\markdown-editor\backend\note\src\test\resources
2024-06-26 15:42:48,036 [Worker-36: Launching Executing install in C__workspace_markdown-editor_backend_note] INFO  o.eclipse.m2e.core.internal.Bundles - getClasspathEntries(Bundle=org.eclipse.m2e.maven.runtime_3.8.701.20230209-1606 [610])
2024-06-26 15:42:48,038 [Worker-36: Launching Executing install in C__workspace_markdown-editor_backend_note] INFO  o.eclipse.m2e.core.internal.Bundles - 	Entry: C:\eclipse-jee-2023-03-R-win32-x86_64\eclipse\plugins\org.eclipse.m2e.maven.runtime_3.8.701.20230209-1606
2024-06-26 15:42:48,039 [Worker-36: Launching Executing install in C__workspace_markdown-editor_backend_note] INFO  o.eclipse.m2e.core.internal.Bundles - 	Entry: C:\eclipse-jee-2023-03-R-win32-x86_64\eclipse\plugins\org.eclipse.m2e.maven.runtime_3.8.701.20230209-1606\jars\aether-connector-okhttp-0.17.8.jar
2024-06-26 15:42:48,039 [Worker-36: Launching Executing install in C__workspace_markdown-editor_backend_note] INFO  o.eclipse.m2e.core.internal.Bundles - 	Entry: C:\eclipse-jee-2023-03-R-win32-x86_64\eclipse\plugins\org.eclipse.m2e.maven.runtime_3.8.701.20230209-1606\jars\commons-lang3-3.8.1.jar
2024-06-26 15:42:48,039 [Worker-36: Launching Executing install in C__workspace_markdown-editor_backend_note] INFO  o.eclipse.m2e.core.internal.Bundles - 	Entry: C:\eclipse-jee-2023-03-R-win32-x86_64\eclipse\plugins\org.eclipse.m2e.maven.runtime_3.8.701.20230209-1606\jars\guice-4.2.2-no_aop.jar
2024-06-26 15:42:48,040 [Worker-36: Launching Executing install in C__workspace_markdown-editor_backend_note] INFO  o.eclipse.m2e.core.internal.Bundles - 	Entry: C:\eclipse-jee-2023-03-R-win32-x86_64\eclipse\plugins\org.eclipse.m2e.maven.runtime_3.8.701.20230209-1606\jars\jansi-2.4.0.jar
2024-06-26 15:42:48,040 [Worker-36: Launching Executing install in C__workspace_markdown-editor_backend_note] INFO  o.eclipse.m2e.core.internal.Bundles - 	Entry: C:\eclipse-jee-2023-03-R-win32-x86_64\eclipse\plugins\org.eclipse.m2e.maven.runtime_3.8.701.20230209-1606\jars\maven-artifact-3.8.7.jar
2024-06-26 15:42:48,040 [Worker-36: Launching Executing install in C__workspace_markdown-editor_backend_note] INFO  o.eclipse.m2e.core.internal.Bundles - 	Entry: C:\eclipse-jee-2023-03-R-win32-x86_64\eclipse\plugins\org.eclipse.m2e.maven.runtime_3.8.701.20230209-1606\jars\maven-builder-support-3.8.7.jar
2024-06-26 15:42:48,040 [Worker-36: Launching Executing install in C__workspace_markdown-editor_backend_note] INFO  o.eclipse.m2e.core.internal.Bundles - 	Entry: C:\eclipse-jee-2023-03-R-win32-x86_64\eclipse\plugins\org.eclipse.m2e.maven.runtime_3.8.701.20230209-1606\jars\maven-compat-3.8.7.jar
2024-06-26 15:42:48,041 [Worker-36: Launching Executing install in C__workspace_markdown-editor_backend_note] INFO  o.eclipse.m2e.core.internal.Bundles - 	Entry: C:\eclipse-jee-2023-03-R-win32-x86_64\eclipse\plugins\org.eclipse.m2e.maven.runtime_3.8.701.20230209-1606\jars\maven-core-3.8.7.jar
2024-06-26 15:42:48,041 [Worker-36: Launching Executing install in C__workspace_markdown-editor_backend_note] INFO  o.eclipse.m2e.core.internal.Bundles - 	Entry: C:\eclipse-jee-2023-03-R-win32-x86_64\eclipse\plugins\org.eclipse.m2e.maven.runtime_3.8.701.20230209-1606\jars\maven-embedder-3.8.7.jar
2024-06-26 15:42:48,041 [Worker-36: Launching Executing install in C__workspace_markdown-editor_backend_note] INFO  o.eclipse.m2e.core.internal.Bundles - 	Entry: C:\eclipse-jee-2023-03-R-win32-x86_64\eclipse\plugins\org.eclipse.m2e.maven.runtime_3.8.701.20230209-1606\jars\maven-model-3.8.7.jar
2024-06-26 15:42:48,041 [Worker-36: Launching Executing install in C__workspace_markdown-editor_backend_note] INFO  o.eclipse.m2e.core.internal.Bundles - 	Entry: C:\eclipse-jee-2023-03-R-win32-x86_64\eclipse\plugins\org.eclipse.m2e.maven.runtime_3.8.701.20230209-1606\jars\maven-model-builder-3.8.7.jar
2024-06-26 15:42:48,042 [Worker-36: Launching Executing install in C__workspace_markdown-editor_backend_note] INFO  o.eclipse.m2e.core.internal.Bundles - 	Entry: C:\eclipse-jee-2023-03-R-win32-x86_64\eclipse\plugins\org.eclipse.m2e.maven.runtime_3.8.701.20230209-1606\jars\maven-plugin-api-3.8.7.jar
2024-06-26 15:42:48,042 [Worker-36: Launching Executing install in C__workspace_markdown-editor_backend_note] INFO  o.eclipse.m2e.core.internal.Bundles - 	Entry: C:\eclipse-jee-2023-03-R-win32-x86_64\eclipse\plugins\org.eclipse.m2e.maven.runtime_3.8.701.20230209-1606\jars\maven-repository-metadata-3.8.7.jar
2024-06-26 15:42:48,042 [Worker-36: Launching Executing install in C__workspace_markdown-editor_backend_note] INFO  o.eclipse.m2e.core.internal.Bundles - 	Entry: C:\eclipse-jee-2023-03-R-win32-x86_64\eclipse\plugins\org.eclipse.m2e.maven.runtime_3.8.701.20230209-1606\jars\maven-resolver-api-1.6.3.jar
2024-06-26 15:42:48,042 [Worker-36: Launching Executing install in C__workspace_markdown-editor_backend_note] INFO  o.eclipse.m2e.core.internal.Bundles - 	Entry: C:\eclipse-jee-2023-03-R-win32-x86_64\eclipse\plugins\org.eclipse.m2e.maven.runtime_3.8.701.20230209-1606\jars\maven-resolver-connector-basic-1.6.3.jar
2024-06-26 15:42:48,042 [Worker-36: Launching Executing install in C__workspace_markdown-editor_backend_note] INFO  o.eclipse.m2e.core.internal.Bundles - 	Entry: C:\eclipse-jee-2023-03-R-win32-x86_64\eclipse\plugins\org.eclipse.m2e.maven.runtime_3.8.701.20230209-1606\jars\maven-resolver-impl-1.6.3.jar
2024-06-26 15:42:48,043 [Worker-36: Launching Executing install in C__workspace_markdown-editor_backend_note] INFO  o.eclipse.m2e.core.internal.Bundles - 	Entry: C:\eclipse-jee-2023-03-R-win32-x86_64\eclipse\plugins\org.eclipse.m2e.maven.runtime_3.8.701.20230209-1606\jars\maven-resolver-provider-3.8.7.jar
2024-06-26 15:42:48,043 [Worker-36: Launching Executing install in C__workspace_markdown-editor_backend_note] INFO  o.eclipse.m2e.core.internal.Bundles - 	Entry: C:\eclipse-jee-2023-03-R-win32-x86_64\eclipse\plugins\org.eclipse.m2e.maven.runtime_3.8.701.20230209-1606\jars\maven-resolver-spi-1.6.3.jar
2024-06-26 15:42:48,043 [Worker-36: Launching Executing install in C__workspace_markdown-editor_backend_note] INFO  o.eclipse.m2e.core.internal.Bundles - 	Entry: C:\eclipse-jee-2023-03-R-win32-x86_64\eclipse\plugins\org.eclipse.m2e.maven.runtime_3.8.701.20230209-1606\jars\maven-resolver-transport-wagon-1.6.3.jar
2024-06-26 15:42:48,043 [Worker-36: Launching Executing install in C__workspace_markdown-editor_backend_note] INFO  o.eclipse.m2e.core.internal.Bundles - 	Entry: C:\eclipse-jee-2023-03-R-win32-x86_64\eclipse\plugins\org.eclipse.m2e.maven.runtime_3.8.701.20230209-1606\jars\maven-resolver-util-1.6.3.jar
2024-06-26 15:42:48,043 [Worker-36: Launching Executing install in C__workspace_markdown-editor_backend_note] INFO  o.eclipse.m2e.core.internal.Bundles - 	Entry: C:\eclipse-jee-2023-03-R-win32-x86_64\eclipse\plugins\org.eclipse.m2e.maven.runtime_3.8.701.20230209-1606\jars\maven-settings-3.8.7.jar
2024-06-26 15:42:48,044 [Worker-36: Launching Executing install in C__workspace_markdown-editor_backend_note] INFO  o.eclipse.m2e.core.internal.Bundles - 	Entry: C:\eclipse-jee-2023-03-R-win32-x86_64\eclipse\plugins\org.eclipse.m2e.maven.runtime_3.8.701.20230209-1606\jars\maven-settings-builder-3.8.7.jar
2024-06-26 15:42:48,044 [Worker-36: Launching Executing install in C__workspace_markdown-editor_backend_note] INFO  o.eclipse.m2e.core.internal.Bundles - 	Entry: C:\eclipse-jee-2023-03-R-win32-x86_64\eclipse\plugins\org.eclipse.m2e.maven.runtime_3.8.701.20230209-1606\jars\maven-shared-utils-3.3.4.jar
2024-06-26 15:42:48,044 [Worker-36: Launching Executing install in C__workspace_markdown-editor_backend_note] INFO  o.eclipse.m2e.core.internal.Bundles - 	Entry: C:\eclipse-jee-2023-03-R-win32-x86_64\eclipse\plugins\org.eclipse.m2e.maven.runtime_3.8.701.20230209-1606\jars\okhttp-3.14.1.jar
2024-06-26 15:42:48,044 [Worker-36: Launching Executing install in C__workspace_markdown-editor_backend_note] INFO  o.eclipse.m2e.core.internal.Bundles - 	Entry: C:\eclipse-jee-2023-03-R-win32-x86_64\eclipse\plugins\org.eclipse.m2e.maven.runtime_3.8.701.20230209-1606\jars\okio-1.17.3.jar
2024-06-26 15:42:48,044 [Worker-36: Launching Executing install in C__workspace_markdown-editor_backend_note] INFO  o.eclipse.m2e.core.internal.Bundles - 	Entry: C:\eclipse-jee-2023-03-R-win32-x86_64\eclipse\plugins\org.eclipse.m2e.maven.runtime_3.8.701.20230209-1606\jars\org.eclipse.sisu.inject-0.3.5.jar
2024-06-26 15:42:48,045 [Worker-36: Launching Executing install in C__workspace_markdown-editor_backend_note] INFO  o.eclipse.m2e.core.internal.Bundles - 	Entry: C:\eclipse-jee-2023-03-R-win32-x86_64\eclipse\plugins\org.eclipse.m2e.maven.runtime_3.8.701.20230209-1606\jars\org.eclipse.sisu.plexus-0.3.5.jar
2024-06-26 15:42:48,045 [Worker-36: Launching Executing install in C__workspace_markdown-editor_backend_note] INFO  o.eclipse.m2e.core.internal.Bundles - 	Entry: C:\eclipse-jee-2023-03-R-win32-x86_64\eclipse\plugins\org.eclipse.m2e.maven.runtime_3.8.701.20230209-1606\jars\plexus-build-api-0.0.7.jar
2024-06-26 15:42:48,045 [Worker-36: Launching Executing install in C__workspace_markdown-editor_backend_note] INFO  o.eclipse.m2e.core.internal.Bundles - 	Entry: C:\eclipse-jee-2023-03-R-win32-x86_64\eclipse\plugins\org.eclipse.m2e.maven.runtime_3.8.701.20230209-1606\jars\plexus-cipher-2.0.jar
2024-06-26 15:42:48,045 [Worker-36: Launching Executing install in C__workspace_markdown-editor_backend_note] INFO  o.eclipse.m2e.core.internal.Bundles - 	Entry: C:\eclipse-jee-2023-03-R-win32-x86_64\eclipse\plugins\org.eclipse.m2e.maven.runtime_3.8.701.20230209-1606\jars\plexus-classworlds-2.6.0.jar
2024-06-26 15:42:48,045 [Worker-36: Launching Executing install in C__workspace_markdown-editor_backend_note] INFO  o.eclipse.m2e.core.internal.Bundles - 	Entry: C:\eclipse-jee-2023-03-R-win32-x86_64\eclipse\plugins\org.eclipse.m2e.maven.runtime_3.8.701.20230209-1606\jars\plexus-component-annotations-2.1.0.jar
2024-06-26 15:42:48,046 [Worker-36: Launching Executing install in C__workspace_markdown-editor_backend_note] INFO  o.eclipse.m2e.core.internal.Bundles - 	Entry: C:\eclipse-jee-2023-03-R-win32-x86_64\eclipse\plugins\org.eclipse.m2e.maven.runtime_3.8.701.20230209-1606\jars\plexus-interpolation-1.26.jar
2024-06-26 15:42:48,046 [Worker-36: Launching Executing install in C__workspace_markdown-editor_backend_note] INFO  o.eclipse.m2e.core.internal.Bundles - 	Entry: C:\eclipse-jee-2023-03-R-win32-x86_64\eclipse\plugins\org.eclipse.m2e.maven.runtime_3.8.701.20230209-1606\jars\plexus-sec-dispatcher-2.0.jar
2024-06-26 15:42:48,046 [Worker-36: Launching Executing install in C__workspace_markdown-editor_backend_note] INFO  o.eclipse.m2e.core.internal.Bundles - 	Entry: C:\eclipse-jee-2023-03-R-win32-x86_64\eclipse\plugins\org.eclipse.m2e.maven.runtime_3.8.701.20230209-1606\jars\plexus-utils-3.3.1.jar
2024-06-26 15:42:48,046 [Worker-36: Launching Executing install in C__workspace_markdown-editor_backend_note] INFO  o.eclipse.m2e.core.internal.Bundles - 	Entry: C:\eclipse-jee-2023-03-R-win32-x86_64\eclipse\plugins\org.eclipse.m2e.maven.runtime_3.8.701.20230209-1606\jars\wagon-file-3.5.3.jar
2024-06-26 15:42:48,046 [Worker-36: Launching Executing install in C__workspace_markdown-editor_backend_note] INFO  o.eclipse.m2e.core.internal.Bundles - 	Entry: C:\eclipse-jee-2023-03-R-win32-x86_64\eclipse\plugins\org.eclipse.m2e.maven.runtime_3.8.701.20230209-1606\jars\wagon-provider-api-3.5.3.jar
2024-06-26 15:42:48,048 [Worker-36: Launching Executing install in C__workspace_markdown-editor_backend_note] INFO  o.eclipse.m2e.core.internal.Bundles - getClasspathEntries(Bundle=com.google.guava_31.1.0.jre [11])
2024-06-26 15:42:48,049 [Worker-36: Launching Executing install in C__workspace_markdown-editor_backend_note] INFO  o.eclipse.m2e.core.internal.Bundles - 	Entry: C:\eclipse-jee-2023-03-R-win32-x86_64\eclipse\plugins\com.google.guava_31.1.0.jre.jar
2024-06-26 15:42:48,049 [Worker-36: Launching Executing install in C__workspace_markdown-editor_backend_note] INFO  o.eclipse.m2e.core.internal.Bundles - getClasspathEntries(Bundle=slf4j.api_1.7.36 [924])
2024-06-26 15:42:48,049 [Worker-36: Launching Executing install in C__workspace_markdown-editor_backend_note] INFO  o.eclipse.m2e.core.internal.Bundles - 	Entry: C:\eclipse-jee-2023-03-R-win32-x86_64\eclipse\plugins\slf4j.api_1.7.36.jar
2024-06-26 15:42:48,049 [Worker-36: Launching Executing install in C__workspace_markdown-editor_backend_note] INFO  o.eclipse.m2e.core.internal.Bundles - getClasspathEntries(Bundle=javax.inject_1.0.0.v20220405-0441 [35])
2024-06-26 15:42:48,050 [Worker-36: Launching Executing install in C__workspace_markdown-editor_backend_note] INFO  o.eclipse.m2e.core.internal.Bundles - 	Entry: C:\eclipse-jee-2023-03-R-win32-x86_64\eclipse\plugins\javax.inject_1.0.0.v20220405-0441.jar
2024-06-26 15:42:48,050 [Worker-36: Launching Executing install in C__workspace_markdown-editor_backend_note] INFO  o.eclipse.m2e.core.internal.Bundles - getClasspathEntries(Bundle=javax.annotation_1.3.5.v20221203-1659 [33])
2024-06-26 15:42:48,051 [Worker-36: Launching Executing install in C__workspace_markdown-editor_backend_note] INFO  o.eclipse.m2e.core.internal.Bundles - 	Entry: C:\eclipse-jee-2023-03-R-win32-x86_64\eclipse\plugins\javax.annotation_1.3.5.v20221203-1659.jar
2024-06-26 15:42:48,051 [Worker-36: Launching Executing install in C__workspace_markdown-editor_backend_note] INFO  o.eclipse.m2e.core.internal.Bundles - getClasspathEntries(Bundle=org.apache.commons.cli_1.4.0.v20221112-0806 [67])
2024-06-26 15:42:48,051 [Worker-36: Launching Executing install in C__workspace_markdown-editor_backend_note] INFO  o.eclipse.m2e.core.internal.Bundles - 	Entry: C:\eclipse-jee-2023-03-R-win32-x86_64\eclipse\plugins\org.apache.commons.cli_1.4.0.v20221112-0806.jar
2024-06-26 15:42:48,052 [Worker-36: Launching Executing install in C__workspace_markdown-editor_backend_note] INFO  o.eclipse.m2e.core.internal.Bundles - getClasspathEntries(Bundle=com.google.guava.failureaccess_1.0.1 [13])
2024-06-26 15:42:48,052 [Worker-36: Launching Executing install in C__workspace_markdown-editor_backend_note] INFO  o.eclipse.m2e.core.internal.Bundles - 	Entry: C:\eclipse-jee-2023-03-R-win32-x86_64\eclipse\plugins\com.google.guava.failureaccess_1.0.1.jar
2024-06-26 15:42:48,055 [Worker-36: Launching Executing install in C__workspace_markdown-editor_backend_note] INFO  o.e.m.i.launch.MavenLaunchDelegate - Run build in "C:\workspace\markdown-editor\backend\note":
2024-06-26 15:42:48,055 [Worker-36: Launching Executing install in C__workspace_markdown-editor_backend_note] INFO  o.e.m.i.launch.MavenLaunchDelegate -  mvn  -B -Dstyle.color=always install
